<?xml version="1.0" encoding="UTF-8"?>
<!-- Generated by org.testng.reporters.JUnitReportReporter -->
<testsuite hostname="HCL-Test-2" failures="0" tests="1" name="com.sat.TestRunner.Current_workTestRunner" time="57.300" errors="0" timestamp="2023-09-22T17:59:54 UTC" skipped="0">
  <testcase classname="com.sat.TestRunner.Current_workTestRunner" name="runScenario" time="57.300"/>
  <system-out/>
</testsuite> <!-- com.sat.TestRunner.Current_workTestRunner -->
